{"level":"error","message":"\u001b[1m\u001b[31mThe `uri` parameter to `openUri()` must be a string, got \"undefined\". Make sure the first parameter to `mongoose.connect()` or `mongoose.createConnection()` is a string.\u001b[39m\u001b[22m"}
{"level":"error","message":"\u001b[1m\u001b[31mThe `uri` parameter to `openUri()` must be a string, got \"undefined\". Make sure the first parameter to `mongoose.connect()` or `mongoose.createConnection()` is a string.\u001b[39m\u001b[22m"}
{"level":"info","message":"DB connected"}
{"level":"info","message":"DB connected"}
{"level":"info","message":"DB connected"}
{"level":"info","message":"DB connected"}
{"level":"info","message":"DB connected"}
{"level":"info","message":"DB connected"}
{"level":"info","message":"DB connected"}
{"level":"info","message":"DB connected"}
{"level":"info","message":"DB connected"}
{"level":"info","message":"DB connected"}
{"level":"info","message":"DB connected"}
{"level":"info","message":"DB connected"}
{"level":"info","message":"DB connected"}
{"level":"info","message":"DB connected"}
{"level":"info","message":"DB connected"}
{"level":"info","message":"DB connected"}
{"level":"info","message":"DB connected"}
{"level":"info","message":"DB connected"}
{"level":"info","message":"DB connected"}
{"level":"error","message":"\u001b[1m\u001b[31mdb already exists with different case already have: [ProShop] trying to create [proShop]\u001b[39m\u001b[22m"}
{"level":"info","message":"DB connected"}
{"level":"info","message":"admin added"}
{"level":"info","message":"DB connected"}
{"level":"error","message":"\u001b[1m\u001b[31mdb already exists with different case already have: [ProShop] trying to create [proShop]\u001b[39m\u001b[22m"}
{"level":"info","message":"DB connected"}
{"level":"error","message":"\u001b[1m\u001b[31mdb already exists with different case already have: [ProShop] trying to create [proShop]\u001b[39m\u001b[22m"}
{"level":"info","message":"DB connected"}
{"level":"error","message":"\u001b[1m\u001b[31mdb already exists with different case already have: [ProShop] trying to create [proShop]\u001b[39m\u001b[22m"}
{"level":"info","message":"DB connected"}
{"level":"info","message":"admin added"}
{"level":"error","message":"\u001b[1m\u001b[31madmin is not defined\u001b[39m\u001b[22m"}
{"level":"info","message":"DB connected"}
{"level":"info","message":"DB connected"}
{"level":"info","message":"DB connected"}
{"level":"info","message":"DB connected"}
{"level":"info","message":"DB connected"}
{"level":"info","message":"DB connected"}
{"level":"info","message":"DB connected"}
{"level":"info","message":"DB connected"}
{"level":"info","message":"DB connected"}
{"level":"info","message":"DB connected"}
{"level":"info","message":"DB connected"}
{"level":"error","message":"Not Found Page-/api"}
{"level":"info","message":"DB connected"}
{"level":"error","message":"Not Found-/api"}
{"level":"info","message":"DB connected"}
{"level":"error","message":"Not Found-/"}
{"level":"info","message":"DB connected"}
{"level":"info","message":"DB connected"}
{"level":"info","message":"DB connected"}
{"level":"info","message":"DB connected"}
{"level":"error","message":"Not Found-/"}
{"level":"error","message":"Not Found-/products/fd"}
{"level":"error","message":"Not Found-/products/2"}
{"level":"info","message":"DB connected"}
{"level":"info","message":"DB connected"}
{"level":"info","message":"DB connected"}
{"level":"info","message":"DB connected"}
{"level":"info","message":"DB connected"}
{"level":"info","message":"DB connected"}
{"level":"info","message":"DB connected"}
{"level":"info","message":"DB connected"}
{"level":"info","message":"DB connected"}
{"level":"info","message":"DB connected"}
{"level":"info","message":"DB connected"}
{"level":"info","message":"DB connected"}
{"level":"info","message":"DB connected"}
{"level":"info","message":"DB connected"}
{"level":"info","message":"DB connected"}
{"level":"info","message":"DB connected"}
{"level":"info","message":"DB connected"}
{"level":"info","message":"DB connected"}
{"level":"info","message":"DB connected"}
{"level":"info","message":"DB connected"}
{"level":"info","message":"DB connected"}
{"level":"info","message":"DB connected"}
{"level":"info","message":"DB connected"}
{"level":"info","message":"DB connected"}
{"level":"info","message":"DB connected"}
{"level":"info","message":"DB connected"}
{"level":"info","message":"DB connected"}
{"level":"info","message":"DB connected"}
{"level":"info","message":"DB connected"}
{"level":"info","message":"DB connected"}
{"level":"info","message":"DB connected"}
{"level":"info","message":"DB connected"}
{"level":"info","message":"DB connected"}
{"level":"info","message":"DB connected"}
{"level":"info","message":"DB connected"}
{"level":"info","message":"DB connected"}
{"level":"info","message":"DB connected"}
{"level":"info","message":"DB connected"}
{"level":"info","message":"DB connected"}
{"level":"info","message":"DB connected"}
{"level":"info","message":"DB connected"}
{"level":"info","message":"DB connected"}
{"level":"info","message":"DB connected"}
{"level":"info","message":"DB connected"}
{"level":"info","message":"DB connected"}
{"level":"error","message":"Not Found-/%3Canonymous%3E"}
{"level":"info","message":"DB connected"}
{"level":"info","message":"DB connected"}
{"level":"info","message":"DB connected"}
{"level":"info","message":"DB connected"}
{"level":"info","message":"DB connected"}
{"level":"info","message":"DB connected"}
{"level":"info","message":"DB connected"}
{"level":"info","message":"DB connected"}
{"level":"info","message":"DB connected"}
{"level":"info","message":"DB connected"}
{"level":"info","message":"DB connected"}
{"level":"info","message":"DB connected"}
{"level":"info","message":"DB connected"}
{"level":"error","message":"Not Authorized"}
{"level":"info","message":"DB connected"}
{"level":"error","message":"Not Authorized"}
{"level":"info","message":"DB connected"}
{"level":"info","message":"DB connected"}
{"level":"info","message":"DB connected"}
{"level":"info","message":"DB connected"}
{"level":"info","message":"DB connected"}
{"level":"info","message":"DB connected"}
{"level":"info","message":"DB connected"}
{"level":"info","message":"DB connected"}
{"level":"info","message":"DB connected"}
{"level":"info","message":"DB connected"}
{"level":"info","message":"DB connected"}
{"level":"info","message":"DB connected"}
{"level":"info","message":"DB connected"}
{"level":"info","message":"DB connected"}
{"level":"info","message":"DB connected"}
{"level":"info","message":"DB connected"}
{"level":"info","message":"DB connected"}
{"level":"info","message":"DB connected"}
{"level":"info","message":"DB connected"}
{"level":"info","message":"DB connected"}
{"level":"info","message":"DB connected"}
{"level":"info","message":"DB connected"}
{"level":"info","message":"DB connected"}
{"level":"info","message":"DB connected"}
{"level":"info","message":"DB connected"}
{"level":"info","message":"DB connected"}
{"level":"info","message":"DB connected"}
{"level":"info","message":"DB connected"}
{"level":"info","message":"DB connected"}
{"level":"info","message":"DB connected"}
{"level":"error","message":"Error"}
{"level":"info","message":"DB connected"}
{"level":"error","message":"Error"}
{"level":"info","message":"DB connected"}
{"level":"error","message":"Error"}
{"level":"info","message":"DB connected"}
{"level":"info","message":"DB connected"}
{"level":"info","message":"DB connected"}
{"level":"info","message":"DB connected"}
{"level":"info","message":"DB connected"}
{"level":"info","message":"DB connected"}
{"level":"info","message":"DB connected"}
{"level":"info","message":"DB connected"}
{"level":"info","message":"DB connected"}
{"level":"info","message":"DB connected"}
{"level":"info","message":"DB connected"}
{"level":"info","message":"DB connected"}
{"level":"info","message":"DB connected"}
{"level":"info","message":"DB connected"}
{"level":"info","message":"DB connected"}
{"level":"info","message":"DB connected"}
{"level":"info","message":"DB connected"}
{"level":"info","message":"DB connected"}
{"level":"info","message":"DB connected"}
{"level":"info","message":"DB connected"}
{"level":"info","message":"DB connected"}
{"level":"info","message":"DB connected"}
{"level":"info","message":"DB connected"}
{"level":"info","message":"DB connected"}
{"level":"info","message":"DB connected"}
{"level":"info","message":"DB connected"}
{"level":"info","message":"DB connected"}
{"level":"info","message":"DB connected"}
{"level":"info","message":"DB connected"}
{"level":"info","message":"DB connected"}
{"level":"info","message":"DB connected"}
{"level":"info","message":"DB connected"}
{"level":"info","message":"DB connected"}
{"level":"info","message":"DB connected"}
{"level":"info","message":"DB connected"}
{"level":"info","message":"DB connected"}
{"level":"info","message":"DB connected"}
{"level":"info","message":"DB connected"}
{"level":"info","message":"DB connected"}
{"level":"info","message":"DB connected"}
{"level":"info","message":"DB connected"}
{"level":"info","message":"DB connected"}
{"level":"info","message":"DB connected"}
{"level":"info","message":"DB connected"}
{"level":"info","message":"DB connected"}
{"level":"info","message":"DB connected"}
{"level":"info","message":"DB connected"}
{"level":"info","message":"DB connected"}
{"level":"info","message":"DB connected"}
{"level":"info","message":"DB connected"}
{"level":"info","message":"DB connected"}
{"level":"info","message":"DB connected"}
{"level":"info","message":"DB connected"}
{"level":"info","message":"DB connected"}
{"level":"info","message":"DB connected"}
{"level":"info","message":"DB connected"}
{"level":"info","message":"DB connected"}
{"level":"info","message":"DB connected"}
{"level":"error","message":"Not Found-/cart/%3Canonymous%3E"}
{"level":"info","message":"DB connected"}
{"level":"error","message":"Not Found-/cart/%3Canonymous%3E"}
{"level":"error","message":"Not Found-/cart/%3Canonymous%3E"}
{"level":"info","message":"DB connected"}
{"level":"error","message":"Not Found-/cart/%3Canonymous%3E"}
{"level":"info","message":"DB connected"}
{"level":"info","message":"DB connected"}
{"level":"error","message":"Not Found-/cart/%3Canonymous%3E"}
{"level":"info","message":"DB connected"}
{"level":"info","message":"DB connected"}
{"level":"error","message":"Not Found-/cart/%3Canonymous%3E"}
{"level":"info","message":"DB connected"}
{"level":"info","message":"DB connected"}
{"level":"info","message":"DB connected"}
{"level":"error","message":"Not Found-/cart/%3Canonymous%3E"}
{"level":"info","message":"DB connected"}
{"level":"error","message":"Not Found-/cart/%3Canonymous%3E"}
{"level":"error","message":"Not Found-/cart/%3Canonymous%3E"}
{"level":"info","message":"DB connected"}
{"level":"info","message":"DB connected"}
{"level":"info","message":"DB connected"}
{"level":"info","message":"DB connected"}
{"level":"info","message":"DB connected"}
{"level":"error","message":"\u001b[1m\u001b[31mquerySrv ETIMEOUT _mongodb._tcp.mydatabase.d4nex.azure.mongodb.net\u001b[39m\u001b[22m"}
{"level":"info","message":"DB connected"}
{"level":"info","message":"DB connected"}
{"level":"info","message":"DB connected"}
{"level":"info","message":"DB connected"}
{"level":"info","message":"DB connected"}
{"level":"info","message":"DB connected"}
{"level":"info","message":"DB connected"}
{"level":"info","message":"DB connected"}
{"level":"info","message":"DB connected"}
{"level":"info","message":"DB connected"}
{"level":"info","message":"DB connected"}
{"level":"info","message":"DB connected"}
{"level":"info","message":"DB connected"}
{"level":"info","message":"DB connected"}
{"level":"info","message":"DB connected"}
{"level":"info","message":"DB connected"}
{"level":"info","message":"DB connected"}
{"level":"info","message":"DB connected"}
{"level":"info","message":"DB connected"}
{"level":"info","message":"DB connected"}
{"level":"error","message":"Not Found-/"}
{"level":"info","message":"DB connected"}
{"level":"info","message":"DB connected"}
{"level":"info","message":"DB connected"}
{"level":"info","message":"DB connected"}
{"level":"info","message":"DB connected"}
{"level":"info","message":"DB connected"}
{"level":"info","message":"DB connected"}
{"level":"info","message":"DB connected"}
{"level":"info","message":"DB connected"}
{"level":"info","message":"DB connected"}
{"level":"info","message":"DB connected"}
{"level":"info","message":"DB connected"}
{"level":"info","message":"DB connected"}
{"level":"info","message":"DB connected"}
{"level":"info","message":"DB connected"}
{"level":"info","message":"DB connected"}
{"level":"info","message":"DB connected"}
{"level":"info","message":"DB connected"}
{"level":"info","message":"DB connected"}
{"level":"info","message":"DB connected"}
{"level":"info","message":"DB connected"}
{"level":"info","message":"DB connected"}
{"level":"info","message":"DB connected"}
{"level":"info","message":"DB connected"}
{"level":"info","message":"DB connected"}
{"level":"info","message":"DB connected"}
{"level":"info","message":"DB connected"}
{"level":"info","message":"DB connected"}
{"level":"info","message":"DB connected"}
{"level":"info","message":"DB connected"}
{"level":"info","message":"DB connected"}
{"level":"info","message":"DB connected"}
{"level":"info","message":"DB connected"}
{"level":"info","message":"DB connected"}
{"level":"info","message":"DB connected"}
{"level":"info","message":"DB connected"}
{"level":"info","message":"DB connected"}
{"level":"info","message":"DB connected"}
{"level":"info","message":"DB connected"}
{"level":"info","message":"DB connected"}
{"level":"info","message":"DB connected"}
{"level":"info","message":"DB connected"}
{"level":"info","message":"DB connected"}
{"level":"info","message":"DB connected"}
{"level":"info","message":"DB connected"}
{"level":"info","message":"DB connected"}
{"level":"info","message":"DB connected"}
{"level":"info","message":"DB connected"}
{"level":"info","message":"DB connected"}
{"level":"info","message":"DB connected"}
{"level":"info","message":"DB connected"}
{"level":"info","message":"DB connected"}
{"level":"info","message":"DB connected"}
{"level":"info","message":"DB connected"}
{"level":"info","message":"DB connected"}
{"level":"info","message":"DB connected"}
{"level":"info","message":"DB connected"}
{"level":"info","message":"DB connected"}
{"level":"info","message":"DB connected"}
{"level":"info","message":"DB connected"}
{"level":"info","message":"DB connected"}
{"level":"info","message":"DB connected"}
{"level":"info","message":"DB connected"}
{"level":"error","message":"Not Found-/api/users/login"}
{"level":"info","message":"DB connected"}
{"level":"info","message":"DB connected"}
{"level":"info","message":"DB connected"}
{"level":"info","message":"DB connected"}
{"level":"error","message":"Cannot read property 'password' of null"}
{"level":"info","message":"DB connected"}
{"level":"error","message":"Cannot read property 'password' of null"}
{"level":"info","message":"DB connected"}
{"level":"error","message":"Cannot read property 'password' of null"}
{"level":"info","message":"DB connected"}
{"level":"error","message":"Cannot read property 'password' of null"}
{"level":"error","message":"Cannot read property 'password' of null"}
{"level":"info","message":"DB connected"}
{"level":"info","message":"DB connected"}
{"level":"info","message":"DB connected"}
{"level":"info","message":"DB connected"}
{"level":"info","message":"DB connected"}
{"level":"info","message":"DB connected"}
{"level":"info","message":"DB connected"}
{"level":"info","message":"admin added"}
{"level":"info","message":"DB connected"}
{"level":"info","message":"DB connected"}
{"level":"info","message":"DB connected"}
{"level":"info","message":"DB connected"}
{"level":"info","message":"DB connected"}
{"level":"error","message":"Not Found-/api/users/profile"}
{"level":"info","message":"DB connected"}
{"level":"info","message":"DB connected"}
{"level":"info","message":"DB connected"}
{"level":"info","message":"DB connected"}
{"level":"info","message":"DB connected"}
{"level":"error","message":"Not Found-/api/users/profile"}
{"level":"info","message":"DB connected"}
{"level":"info","message":"DB connected"}
{"level":"info","message":"DB connected"}
{"level":"info","message":"DB connected"}
{"level":"info","message":"DB connected"}
{"level":"info","message":"DB connected"}
{"level":"info","message":"DB connected"}
{"level":"info","message":"DB connected"}
{"level":"info","message":"DB connected"}
{"level":"info","message":"DB connected"}
{"level":"info","message":"DB connected"}
{"level":"info","message":"DB connected"}
{"level":"info","message":"DB connected"}
{"level":"info","message":"DB connected"}
{"level":"info","message":"DB connected"}
{"level":"error","message":"Not Authorized"}
{"level":"info","message":"DB connected"}
{"level":"error","message":"Not Authorized"}
{"level":"error","message":"Not Authorized"}
{"level":"info","message":"DB connected"}
{"level":"info","message":"DB connected"}
{"level":"info","message":"DB connected"}
{"level":"info","message":"DB connected"}
{"level":"error","message":"Not Authorized"}
{"level":"error","message":"Not Authorized"}
{"level":"info","message":"DB connected"}
{"level":"info","message":"DB connected"}
{"level":"info","message":"DB connected"}
{"level":"info","message":"DB connected"}
{"level":"info","message":"DB connected"}
{"level":"info","message":"DB connected"}
{"level":"info","message":"DB connected"}
{"level":"info","message":"DB connected"}
{"level":"error","message":"Not Authorized, no token"}
{"level":"info","message":"DB connected"}
{"level":"info","message":"DB connected"}
{"level":"error","message":"(intermediate value).select is not a function"}
{"level":"error","message":"Bad \"options.expiresIn\" option the payload already has an \"exp\" property."}
{"level":"info","message":"DB connected"}
{"level":"error","message":"(intermediate value).select is not a function"}
{"level":"info","message":"DB connected"}
{"level":"info","message":"DB connected"}
{"level":"info","message":"DB connected"}
{"level":"info","message":"DB connected"}
{"level":"info","message":"DB connected"}
{"level":"info","message":"DB connected"}
{"level":"info","message":"DB connected"}
{"level":"info","message":"DB connected"}
{"level":"info","message":"DB connected"}
{"level":"info","message":"DB connected"}
{"level":"info","message":"DB connected"}
{"level":"info","message":"DB connected"}
{"level":"error","message":"(intermediate value).select is not a function"}
{"level":"info","message":"DB connected"}
{"level":"info","message":"DB connected"}
{"level":"error","message":"Illegal arguments: string, undefined"}
{"level":"error","message":"Illegal arguments: string, undefined"}
{"level":"error","message":"Illegal arguments: string, undefined"}
{"level":"info","message":"DB connected"}
{"level":"info","message":"DB connected"}
{"level":"error","message":"Illegal arguments: string, undefined"}
{"level":"info","message":"DB connected"}
{"level":"info","message":"DB connected"}
{"level":"error","message":"Illegal arguments: string, undefined"}
{"level":"info","message":"DB connected"}
{"level":"info","message":"DB connected"}
{"level":"error","message":"Illegal arguments: string, undefined"}
{"level":"info","message":"DB connected"}
{"level":"error","message":"(intermediate value).select is not a function"}
{"level":"info","message":"DB connected"}
{"level":"info","message":"DB connected"}
{"level":"info","message":"DB connected"}
{"level":"error","message":"Not Found-/api/users/register"}
{"level":"info","message":"DB connected"}
{"level":"error","message":"Not Found-/api/users/register"}
{"level":"info","message":"DB connected"}
{"level":"error","message":"Not Found-/api/users/register"}
{"level":"info","message":"DB connected"}
{"level":"error","message":"req is not defined"}
{"level":"info","message":"DB connected"}
{"level":"error","message":"error password"}
{"level":"info","message":"DB connected"}
{"level":"error","message":"error password"}
{"level":"info","message":"DB connected"}
{"level":"error","message":"error password"}
{"level":"info","message":"DB connected"}
{"level":"error","message":"error password"}
{"level":"info","message":"DB connected"}
{"level":"error","message":"error password"}
{"level":"info","message":"DB connected"}
{"level":"info","message":"DB connected"}
{"level":"info","message":"DB connected"}
{"level":"info","message":"DB connected"}
{"level":"error","message":"Not Found-/api/users/register"}
{"level":"info","message":"DB connected"}
{"level":"info","message":"DB connected"}
{"level":"info","message":"DB connected"}
{"level":"info","message":"DB connected"}
{"level":"error","message":"`Model.findOne()` cannot run without a model as `this`. Make sure you are not calling `new Model.findOne()`"}
{"level":"info","message":"DB connected"}
{"level":"error","message":"`Model.findOne()` cannot run without a model as `this`. Make sure you are not calling `new Model.findOne()`"}
{"level":"info","message":"DB connected"}
{"level":"error","message":"`Model.findOne()` cannot run without a model as `this`. Make sure you are not calling `new Model.findOne()`"}
{"level":"info","message":"DB connected"}
{"level":"error","message":"`Model.findOne()` cannot run without a model as `this`. Make sure you are not calling `new Model.findOne()`"}
{"level":"error","message":"`Model.findOne()` cannot run without a model as `this`. Make sure you are not calling `new Model.findOne()`"}
{"level":"info","message":"DB connected"}
{"level":"error","message":"User validation failed: email: Path `email` is required., password: Path `password` is required., name: Path `name` is required."}
{"level":"info","message":"DB connected"}
{"level":"error","message":"Cannot set headers after they are sent to the client"}
{"level":"info","message":"DB connected"}
{"level":"info","message":"DB connected"}
{"level":"info","message":"DB connected"}
{"level":"error","message":"User validation failed: password: Path `password` is required."}
{"level":"info","message":"DB connected"}
{"level":"error","message":"User validation failed: password: Path `password` is required."}
{"level":"info","message":"DB connected"}
{"level":"info","message":"DB connected"}
{"level":"info","message":"DB connected"}
{"level":"info","message":"DB connected"}
{"level":"info","message":"DB connected"}
{"level":"info","message":"DB connected"}
{"level":"info","message":"DB connected"}
{"level":"info","message":"DB connected"}
{"level":"info","message":"DB connected"}
{"level":"info","message":"DB connected"}
{"level":"info","message":"DB connected"}
{"level":"info","message":"DB connected"}
{"level":"info","message":"DB connected"}
{"level":"info","message":"DB connected"}
{"level":"info","message":"DB connected"}
{"level":"info","message":"DB connected"}
{"level":"info","message":"DB connected"}
{"level":"info","message":"DB connected"}
{"level":"info","message":"DB connected"}
{"level":"info","message":"DB connected"}
{"level":"info","message":"DB connected"}
{"level":"info","message":"DB connected"}
{"level":"info","message":"DB connected"}
{"level":"info","message":"DB connected"}
{"level":"info","message":"DB connected"}
{"level":"info","message":"DB connected"}
{"level":"info","message":"DB connected"}
{"level":"info","message":"DB connected"}
{"level":"info","message":"DB connected"}
{"level":"info","message":"DB connected"}
{"level":"info","message":"DB connected"}
{"level":"info","message":"DB connected"}
{"level":"info","message":"DB connected"}
{"level":"info","message":"DB connected"}
{"level":"info","message":"DB connected"}
{"level":"info","message":"DB connected"}
{"level":"info","message":"DB connected"}
{"level":"info","message":"DB connected"}
{"level":"info","message":"DB connected"}
{"level":"info","message":"DB connected"}
{"level":"info","message":"DB connected"}
{"level":"info","message":"DB connected"}
{"level":"info","message":"DB connected"}
{"level":"info","message":"DB connected"}
{"level":"info","message":"DB connected"}
{"level":"info","message":"DB connected"}
{"level":"info","message":"DB connected"}
{"level":"error","message":"\u001b[1m\u001b[31mquerySrv ETIMEOUT _mongodb._tcp.mydatabase.d4nex.azure.mongodb.net\u001b[39m\u001b[22m"}
{"level":"error","message":"\u001b[1m\u001b[31mquerySrv ETIMEOUT _mongodb._tcp.mydatabase.d4nex.azure.mongodb.net\u001b[39m\u001b[22m"}
{"level":"error","message":"\u001b[1m\u001b[31mquerySrv ETIMEOUT _mongodb._tcp.mydatabase.d4nex.azure.mongodb.net\u001b[39m\u001b[22m"}
{"level":"error","message":"\u001b[1m\u001b[31mquerySrv ETIMEOUT _mongodb._tcp.mydatabase.d4nex.azure.mongodb.net\u001b[39m\u001b[22m"}
{"level":"error","message":"\u001b[1m\u001b[31mquerySrv ETIMEOUT _mongodb._tcp.mydatabase.d4nex.azure.mongodb.net\u001b[39m\u001b[22m"}
{"level":"error","message":"\u001b[1m\u001b[31mquerySrv ETIMEOUT _mongodb._tcp.mydatabase.d4nex.azure.mongodb.net\u001b[39m\u001b[22m"}
{"level":"info","message":"DB connected"}
{"level":"info","message":"admin added"}
{"level":"info","message":"DB connected"}
{"level":"info","message":"DB connected"}
{"level":"info","message":"DB connected"}
{"level":"error","message":"Not Found-/api/user/login"}
{"level":"error","message":"Not Found-/api/user/login"}
{"level":"info","message":"DB connected"}
{"level":"info","message":"DB connected"}
{"level":"error","message":"Not Found-/login"}
{"level":"info","message":"DB connected"}
{"level":"info","message":"DB connected"}
{"level":"error","message":"\u001b[1m\u001b[31mquerySrv ESERVFAIL _mongodb._tcp.mydatabase.d4nex.azure.mongodb.net\u001b[39m\u001b[22m"}
{"level":"error","message":"\u001b[1m\u001b[31mquerySrv ESERVFAIL _mongodb._tcp.mydatabase.d4nex.azure.mongodb.net\u001b[39m\u001b[22m"}
{"level":"info","message":"DB connected"}
{"level":"info","message":"DB connected"}
{"level":"error","message":"\u001b[1m\u001b[31mquerySrv ESERVFAIL _mongodb._tcp.mydatabase.d4nex.azure.mongodb.net\u001b[39m\u001b[22m"}
{"level":"error","message":"\u001b[1m\u001b[31mquerySrv ESERVFAIL _mongodb._tcp.mydatabase.d4nex.azure.mongodb.net\u001b[39m\u001b[22m"}
{"level":"info","message":"DB connected"}
{"level":"info","message":"DB connected"}
{"level":"info","message":"DB connected"}
{"level":"info","message":"DB connected"}
{"level":"info","message":"DB connected"}
{"level":"info","message":"DB connected"}
{"level":"info","message":"DB connected"}
{"level":"info","message":"DB connected"}
{"level":"info","message":"DB connected"}
{"level":"info","message":"DB connected"}
{"level":"info","message":"DB connected"}
{"level":"info","message":"DB connected"}
{"level":"info","message":"DB connected"}
{"level":"info","message":"DB connected"}
{"level":"info","message":"DB connected"}
{"level":"info","message":"DB connected"}
{"level":"info","message":"DB connected"}
{"level":"info","message":"DB connected"}
{"level":"info","message":"DB connected"}
{"level":"info","message":"DB connected"}
{"level":"info","message":"DB connected"}
{"level":"info","message":"DB connected"}
{"level":"info","message":"DB connected"}
{"level":"info","message":"DB connected"}
{"level":"info","message":"DB connected"}
{"level":"info","message":"DB connected"}
{"level":"info","message":"DB connected"}
{"level":"info","message":"DB connected"}
{"level":"info","message":"DB connected"}
{"level":"info","message":"DB connected"}
{"level":"info","message":"DB connected"}
{"level":"info","message":"DB connected"}
{"level":"info","message":"DB connected"}
{"level":"info","message":"DB connected"}
{"level":"info","message":"DB connected"}
{"level":"info","message":"DB connected"}
{"level":"info","message":"DB connected"}
{"level":"info","message":"DB connected"}
{"level":"info","message":"DB connected"}
{"level":"info","message":"DB connected"}
{"level":"info","message":"DB connected"}
{"level":"info","message":"DB connected"}
{"level":"info","message":"DB connected"}
{"level":"info","message":"DB connected"}
{"level":"info","message":"DB connected"}
{"level":"info","message":"DB connected"}
{"level":"info","message":"DB connected"}
{"level":"info","message":"DB connected"}
{"level":"info","message":"DB connected"}
{"level":"info","message":"DB connected"}
{"level":"info","message":"DB connected"}
{"level":"info","message":"DB connected"}
{"level":"info","message":"DB connected"}
{"level":"info","message":"DB connected"}
{"level":"info","message":"DB connected"}
{"level":"info","message":"DB connected"}
{"level":"info","message":"DB connected"}
{"level":"info","message":"DB connected"}
{"level":"info","message":"DB connected"}
{"level":"info","message":"DB connected"}
{"level":"info","message":"DB connected"}
{"level":"info","message":"DB connected"}
{"level":"info","message":"DB connected"}
{"level":"info","message":"DB connected"}
{"level":"info","message":"DB connected"}
{"level":"info","message":"DB connected"}
{"level":"error","message":"error password"}
{"level":"error","message":"error password"}
{"level":"info","message":"DB connected"}
{"level":"error","message":"error password"}
{"level":"info","message":"DB connected"}
{"level":"error","message":"Cannot set headers after they are sent to the client"}
{"level":"info","message":"DB connected"}
{"level":"info","message":"DB connected"}
{"level":"info","message":"DB connected"}
{"level":"info","message":"DB connected"}
{"level":"info","message":"DB connected"}
{"level":"info","message":"DB connected"}
{"level":"info","message":"DB connected"}
{"level":"info","message":"DB connected"}
{"level":"info","message":"DB connected"}
{"level":"info","message":"DB connected"}
{"level":"info","message":"DB connected"}
{"level":"info","message":"DB connected"}
{"level":"info","message":"DB connected"}
{"level":"info","message":"DB connected"}
{"level":"info","message":"DB connected"}
{"level":"info","message":"DB connected"}
{"level":"info","message":"DB connected"}
{"level":"info","message":"DB connected"}
{"level":"info","message":"DB connected"}
{"level":"info","message":"DB connected"}
{"level":"info","message":"DB connected"}
{"level":"info","message":"DB connected"}
{"level":"info","message":"DB connected"}
{"level":"info","message":"DB connected"}
{"level":"info","message":"DB connected"}
{"level":"info","message":"DB connected"}
{"level":"info","message":"DB connected"}
{"level":"info","message":"DB connected"}
{"level":"info","message":"DB connected"}
{"level":"info","message":"DB connected"}
{"level":"info","message":"DB connected"}
{"level":"info","message":"DB connected"}
{"level":"info","message":"DB connected"}
{"level":"info","message":"DB connected"}
{"level":"info","message":"DB connected"}
{"level":"info","message":"DB connected"}
{"level":"info","message":"DB connected"}
{"level":"info","message":"DB connected"}
{"level":"info","message":"DB connected"}
{"level":"info","message":"DB connected"}
{"level":"info","message":"DB connected"}
{"level":"error","message":"User validation failed: email: Path `email` is required., password: Path `password` is required., name: Path `name` is required."}
{"level":"info","message":"DB connected"}
{"level":"error","message":"User validation failed: password: Path `password` is required."}
{"level":"info","message":"DB connected"}
{"level":"info","message":"DB connected"}
{"level":"info","message":"DB connected"}
{"level":"error","message":"\u001b[1m\u001b[31mquerySrv ESERVFAIL _mongodb._tcp.mydatabase.d4nex.azure.mongodb.net\u001b[39m\u001b[22m"}
{"level":"error","message":"\u001b[1m\u001b[31mquerySrv ESERVFAIL _mongodb._tcp.mydatabase.d4nex.azure.mongodb.net\u001b[39m\u001b[22m"}
{"level":"error","message":"\u001b[1m\u001b[31mquerySrv ESERVFAIL _mongodb._tcp.mydatabase.d4nex.azure.mongodb.net\u001b[39m\u001b[22m"}
{"level":"error","message":"\u001b[1m\u001b[31mquerySrv ESERVFAIL _mongodb._tcp.mydatabase.d4nex.azure.mongodb.net\u001b[39m\u001b[22m"}
{"level":"error","message":"\u001b[1m\u001b[31mquerySrv ESERVFAIL _mongodb._tcp.mydatabase.d4nex.azure.mongodb.net\u001b[39m\u001b[22m"}
{"level":"error","message":"\u001b[1m\u001b[31mquerySrv ESERVFAIL _mongodb._tcp.mydatabase.d4nex.azure.mongodb.net\u001b[39m\u001b[22m"}
{"level":"info","message":"DB connected"}
{"level":"error","message":"jwt malformed"}
{"level":"info","message":"DB connected"}
{"level":"info","message":"DB connected"}
{"level":"info","message":"DB connected"}
{"level":"info","message":"DB connected"}
{"level":"info","message":"DB connected"}
{"level":"info","message":"DB connected"}
{"level":"info","message":"DB connected"}
{"level":"info","message":"DB connected"}
{"level":"info","message":"DB connected"}
{"level":"info","message":"DB connected"}
{"level":"info","message":"DB connected"}
{"level":"info","message":"DB connected"}
{"level":"info","message":"DB connected"}
{"level":"info","message":"DB connected"}
{"level":"info","message":"DB connected"}
{"level":"info","message":"DB connected"}
{"level":"info","message":"DB connected"}
{"level":"info","message":"DB connected"}
{"level":"info","message":"DB connected"}
{"level":"info","message":"DB connected"}
{"level":"info","message":"DB connected"}
{"level":"info","message":"DB connected"}
{"level":"info","message":"DB connected"}
{"level":"info","message":"DB connected"}
{"level":"info","message":"DB connected"}
{"level":"info","message":"DB connected"}
{"level":"info","message":"DB connected"}
{"level":"info","message":"DB connected"}
{"level":"info","message":"DB connected"}
{"level":"info","message":"DB connected"}
{"level":"error","message":"Not Found-/api/users/"}
{"level":"error","message":"jwt malformed"}
{"level":"error","message":"jwt malformed"}
{"level":"error","message":"jwt malformed"}
{"level":"info","message":"DB connected"}
{"level":"error","message":"jwt malformed"}
{"level":"info","message":"DB connected"}
{"level":"error","message":"jwt malformed"}
{"level":"error","message":"Error: Illegal arguments: undefined, string"}
{"level":"error","message":"Error: Illegal arguments: undefined, string"}
{"level":"info","message":"DB connected"}
{"level":"info","message":"DB connected"}
{"level":"error","message":"Error: Illegal arguments: undefined, string"}
{"level":"error","message":"Error: Illegal arguments: undefined, string"}
{"level":"info","message":"DB connected"}
{"level":"error","message":"Not Found-/api/users/"}
{"level":"info","message":"DB connected"}
{"level":"info","message":"DB connected"}
{"level":"info","message":"DB connected"}
{"level":"info","message":"DB connected"}
{"level":"info","message":"DB connected"}
{"level":"info","message":"DB connected"}
{"level":"info","message":"DB connected"}
{"level":"info","message":"DB connected"}
{"level":"info","message":"DB connected"}
{"level":"info","message":"DB connected"}
{"level":"info","message":"DB connected"}
{"level":"info","message":"DB connected"}
{"level":"error","message":"\u001b[1m\u001b[31mquerySrv ETIMEOUT _mongodb._tcp.mydatabase.d4nex.azure.mongodb.net\u001b[39m\u001b[22m"}
{"level":"info","message":"DB connected"}
{"level":"info","message":"DB connected"}
{"level":"info","message":"DB connected"}
{"level":"info","message":"DB connected"}
{"level":"info","message":"DB connected"}
{"level":"info","message":"DB connected"}
{"level":"info","message":"DB connected"}
{"level":"error","message":"E11000 duplicate key error collection: 5f57ce00284e7947a7ca9358_ProShop.users index: email_1 dup key: { email: \"test@email.com\" }"}
{"level":"error","message":"E11000 duplicate key error collection: 5f57ce00284e7947a7ca9358_ProShop.users index: email_1 dup key: { email: \"test@email.com\" }"}
{"level":"info","message":"DB connected"}
{"level":"info","message":"DB connected"}
{"level":"info","message":"DB connected"}
{"level":"info","message":"DB connected"}
{"level":"info","message":"DB connected"}
{"level":"info","message":"DB connected"}
{"level":"info","message":"DB connected"}
{"level":"info","message":"DB connected"}
{"level":"error","message":"jwt malformed"}
{"level":"error","message":"jwt malformed"}
{"level":"info","message":"DB connected"}
{"level":"info","message":"DB connected"}
{"level":"info","message":"DB connected"}
{"level":"info","message":"DB connected"}
{"level":"info","message":"DB connected"}
{"level":"error","message":"jwt malformed"}
{"level":"error","message":"jwt malformed"}
{"level":"info","message":"DB connected"}
{"level":"info","message":"DB connected"}
{"level":"info","message":"DB connected"}
{"level":"info","message":"DB connected"}
{"level":"info","message":"DB connected"}
{"level":"info","message":"DB connected"}
{"level":"error","message":"\u001b[1m\u001b[31mconnection timed out\u001b[39m\u001b[22m"}
{"level":"info","message":"DB connected"}
{"level":"info","message":"DB connected"}
{"level":"info","message":"DB connected"}
{"level":"info","message":"DB connected"}
{"level":"error","message":"\u001b[1m\u001b[31mquerySrv ETIMEOUT _mongodb._tcp.mydatabase.d4nex.azure.mongodb.net\u001b[39m\u001b[22m"}
{"level":"info","message":"DB connected"}
{"level":"info","message":"DB connected"}
{"level":"info","message":"DB connected"}
{"level":"info","message":"DB connected"}
{"level":"info","message":"DB connected"}
{"level":"info","message":"DB connected"}
{"level":"info","message":"DB connected"}
{"level":"info","message":"DB connected"}
{"level":"info","message":"DB connected"}
{"level":"info","message":"DB connected"}
{"level":"info","message":"DB connected"}
{"level":"error","message":"\u001b[1m\u001b[31mconnection timed out\u001b[39m\u001b[22m"}
{"level":"error","message":"\u001b[1m\u001b[31mconnection timed out\u001b[39m\u001b[22m"}
{"level":"info","message":"DB connected"}
{"level":"info","message":"DB connected"}
{"level":"info","message":"DB connected"}
{"level":"error","message":"\u001b[1m\u001b[31mqueryTxt ETIMEOUT mydatabase.d4nex.azure.mongodb.net\u001b[39m\u001b[22m"}
{"level":"info","message":"DB connected"}
{"level":"info","message":"DB connected"}
{"level":"info","message":"DB connected"}
{"level":"info","message":"DB connected"}
{"level":"info","message":"DB connected"}
{"level":"info","message":"DB connected"}
{"level":"info","message":"DB connected"}
{"level":"info","message":"DB connected"}
{"level":"info","message":"DB connected"}
{"level":"info","message":"DB connected"}
{"level":"info","message":"DB connected"}
{"level":"error","message":"\u001b[1m\u001b[31mqueryTxt ETIMEOUT mydatabase.d4nex.azure.mongodb.net\u001b[39m\u001b[22m"}
{"level":"info","message":"DB connected"}
{"level":"info","message":"DB connected"}
{"level":"info","message":"DB connected"}
{"level":"error","message":"\u001b[1m\u001b[31mqueryTxt ETIMEOUT mydatabase.d4nex.azure.mongodb.net\u001b[39m\u001b[22m"}
{"level":"info","message":"DB connected"}
{"level":"info","message":"DB connected"}
{"level":"info","message":"DB connected"}
{"level":"info","message":"DB connected"}
{"level":"info","message":"DB connected"}
{"level":"info","message":"DB connected"}
{"level":"info","message":"DB connected"}
{"level":"info","message":"DB connected"}
{"level":"info","message":"DB connected"}
{"level":"error","message":"Not Found-/product/2"}
{"level":"error","message":"\u001b[1m\u001b[31mqueryTxt ETIMEOUT mydatabase.d4nex.azure.mongodb.net\u001b[39m\u001b[22m"}
{"level":"info","message":"DB connected"}
{"level":"error","message":"\u001b[1m\u001b[31mThe `uri` parameter to `openUri()` must be a string, got \"undefined\". Make sure the first parameter to `mongoose.connect()` or `mongoose.createConnection()` is a string.\u001b[39m\u001b[22m"}
{"level":"error","message":"\u001b[1m\u001b[31mThe `uri` parameter to `openUri()` must be a string, got \"undefined\". Make sure the first parameter to `mongoose.connect()` or `mongoose.createConnection()` is a string.\u001b[39m\u001b[22m"}
{"level":"info","message":"DB connected"}
{"level":"info","message":"DB connected"}
{"level":"info","message":"DB connected"}
{"level":"info","message":"DB connected"}
{"level":"info","message":"DB connected"}
{"level":"info","message":"DB connected"}
{"level":"info","message":"DB connected"}
{"level":"info","message":"DB connected"}
{"level":"info","message":"DB connected"}
{"level":"info","message":"DB connected"}
{"level":"info","message":"DB connected"}
{"level":"info","message":"DB connected"}
{"level":"info","message":"DB connected"}
{"level":"info","message":"DB connected"}
{"level":"info","message":"DB connected"}
{"level":"info","message":"DB connected"}
{"level":"info","message":"DB connected"}
{"level":"info","message":"DB connected"}
{"level":"info","message":"DB connected"}
{"level":"info","message":"DB connected"}
{"level":"info","message":"DB connected"}
{"level":"info","message":"DB connected"}
{"level":"info","message":"DB connected"}
{"level":"info","message":"DB connected"}
{"level":"info","message":"DB connected"}
{"level":"info","message":"DB connected"}
{"level":"info","message":"DB connected"}
{"level":"info","message":"DB connected"}
{"level":"info","message":"DB connected"}
{"level":"info","message":"DB connected"}
{"level":"info","message":"DB connected"}
{"level":"info","message":"DB connected"}
{"level":"info","message":"DB connected"}
{"level":"info","message":"DB connected"}
{"level":"info","message":"DB connected"}
{"level":"info","message":"DB connected"}
{"level":"info","message":"DB connected"}
{"level":"info","message":"DB connected"}
{"level":"info","message":"DB connected"}
{"level":"info","message":"DB connected"}
{"level":"info","message":"DB connected"}
{"level":"info","message":"DB connected"}
{"level":"info","message":"DB connected"}
{"level":"info","message":"DB connected"}
{"level":"info","message":"DB connected"}
{"level":"info","message":"DB connected"}
{"level":"info","message":"DB connected"}
{"level":"info","message":"DB connected"}
{"level":"info","message":"DB connected"}
{"level":"info","message":"DB connected"}
{"level":"info","message":"DB connected"}
{"level":"info","message":"DB connected"}
{"level":"info","message":"DB connected"}
{"level":"info","message":"DB connected"}
{"level":"info","message":"DB connected"}
{"level":"info","message":"DB connected"}
{"level":"info","message":"DB connected"}
{"level":"info","message":"server running in development on port 5000"}
{"level":"info","message":"DB connected"}
{"level":"info","message":"server running in development on port 5000"}
{"level":"info","message":"DB connected"}
{"level":"info","message":"server running in development on port 5000"}
{"level":"error","message":"jwt expired"}
{"level":"error","message":"jwt expired"}
{"level":"error","message":"jwt expired"}
{"level":"info","message":"DB connected"}
{"level":"info","message":"server running in development on port 5000"}
{"level":"error","message":"jwt expired"}
{"level":"info","message":"DB connected"}
{"level":"info","message":"server running in development on port 5000"}
{"level":"error","message":"jwt expired"}
{"level":"error","message":"jwt expired"}
{"level":"info","message":"DB connected"}
{"level":"info","message":"server running in development on port 5000"}
{"level":"error","message":"jwt expired"}
{"level":"info","message":"DB connected"}
{"level":"info","message":"server running in development on port 5000"}
{"level":"error","message":"jwt expired"}
{"level":"error","message":"jwt expired"}
{"level":"error","message":"jwt expired"}
{"level":"error","message":"jwt expired"}
{"level":"info","message":"DB connected"}
{"level":"info","message":"server running in development on port 5000"}
{"level":"error","message":"jwt expired"}
{"level":"info","message":"DB connected"}
{"level":"info","message":"server running in development on port 5000"}
{"level":"error","message":"jwt expired"}
{"level":"info","message":"DB connected"}
{"level":"info","message":"server running in development on port 5000"}
{"level":"error","message":"jwt expired"}
{"level":"error","message":"jwt expired"}
{"level":"info","message":"DB connected"}
{"level":"info","message":"server running in development on port 5000"}
{"level":"info","message":"DB connected"}
{"level":"info","message":"server running in development on port 5000"}
{"level":"info","message":"DB connected"}
{"level":"info","message":"server running in development on port 5000"}
{"level":"error","message":"\u001b[1m\u001b[31mCould not connect to any servers in your MongoDB Atlas cluster. One common reason is that you're trying to access the database from an IP that isn't whitelisted. Make sure your current IP address is on your Atlas cluster's IP whitelist: https://docs.atlas.mongodb.com/security-whitelist/\u001b[39m\u001b[22m"}
{"level":"info","message":"DB connected"}
{"level":"info","message":"server running in development on port 5000"}
{"level":"info","message":"DB connected"}
{"level":"info","message":"server running in development on port 5000"}
{"level":"error","message":"jwt expired"}
{"level":"error","message":"jwt expired"}
{"level":"info","message":"DB connected"}
{"level":"info","message":"server running in development on port 5000"}
{"level":"error","message":"paymentResult is not defined"}
{"level":"error","message":"paymentResult is not defined"}
{"level":"error","message":"paymentResult is not defined"}
{"level":"info","message":"DB connected"}
{"level":"info","message":"server running in development on port 5000"}
{"level":"info","message":"DB connected"}
{"level":"info","message":"server running in development on port 5000"}
{"level":"error","message":"paymentResult is not defined"}
{"level":"error","message":"paymentResult is not defined"}
{"level":"info","message":"DB connected"}
{"level":"info","message":"server running in development on port 5000"}
{"level":"error","message":"paymentResult is not defined"}
{"level":"error","message":"paymentResult is not defined"}
{"level":"info","message":"DB connected"}
{"level":"info","message":"server running in development on port 5000"}
{"level":"error","message":"paymentResult is not defined"}
{"level":"info","message":"DB connected"}
{"level":"info","message":"server running in development on port 5000"}
{"level":"info","message":"DB connected"}
{"level":"info","message":"server running in development on port 5000"}
{"level":"error","message":"Order validation failed: orderItems.0.product: Path `product` is required., orderItems.1.product: Path `product` is required., orderItems.2.product: Path `product` is required., orderItems.3.product: Path `product` is required."}
{"level":"info","message":"DB connected"}
{"level":"info","message":"server running in development on port 5000"}
{"level":"error","message":"Order validation failed: orderItems.0.productId: Cast to ObjectId failed for value \"5\" at path \"productId\", orderItems.1.productId: Cast to ObjectId failed for value \"3\" at path \"productId\", orderItems.2.productId: Cast to ObjectId failed for value \"1\" at path \"productId\", orderItems.3.productId: Cast to ObjectId failed for value \"2\" at path \"productId\""}
{"level":"info","message":"DB connected"}
{"level":"info","message":"server running in development on port 5000"}
{"level":"error","message":"Order validation failed: orderItems.0.productId: Cast to ObjectId failed for value \"5\" at path \"productId\", orderItems.1.productId: Cast to ObjectId failed for value \"3\" at path \"productId\", orderItems.2.productId: Cast to ObjectId failed for value \"1\" at path \"productId\", orderItems.3.productId: Cast to ObjectId failed for value \"2\" at path \"productId\""}
{"level":"error","message":"Order validation failed: orderItems.0.productId: Cast to ObjectId failed for value \"5\" at path \"productId\", orderItems.1.productId: Cast to ObjectId failed for value \"3\" at path \"productId\", orderItems.2.productId: Cast to ObjectId failed for value \"1\" at path \"productId\", orderItems.3.productId: Cast to ObjectId failed for value \"2\" at path \"productId\""}
{"level":"error","message":"Order validation failed: orderItems.0.productId: Cast to ObjectId failed for value \"5\" at path \"productId\", orderItems.1.productId: Cast to ObjectId failed for value \"3\" at path \"productId\", orderItems.2.productId: Cast to ObjectId failed for value \"1\" at path \"productId\", orderItems.3.productId: Cast to ObjectId failed for value \"2\" at path \"productId\""}
{"level":"info","message":"DB connected"}
{"level":"info","message":"server running in development on port 5000"}
{"level":"error","message":"Order validation failed: orderItems.0.product: Path `product` is required., orderItems.1.product: Path `product` is required., orderItems.2.product: Path `product` is required., orderItems.3.product: Path `product` is required."}
{"level":"error","message":"Order validation failed: orderItems.0.product: Path `product` is required., orderItems.1.product: Path `product` is required., orderItems.2.product: Path `product` is required., orderItems.3.product: Path `product` is required."}
{"level":"info","message":"DB connected"}
{"level":"info","message":"server running in development on port 5000"}
{"level":"error","message":"Order validation failed: orderItems.0.productId: Cast to ObjectId failed for value \"5\" at path \"productId\", orderItems.1.productId: Cast to ObjectId failed for value \"3\" at path \"productId\", orderItems.2.productId: Cast to ObjectId failed for value \"1\" at path \"productId\", orderItems.3.productId: Cast to ObjectId failed for value \"2\" at path \"productId\""}
{"level":"error","message":"Order validation failed: orderItems.0.productId: Cast to ObjectId failed for value \"5\" at path \"productId\", orderItems.1.productId: Cast to ObjectId failed for value \"3\" at path \"productId\", orderItems.2.productId: Cast to ObjectId failed for value \"1\" at path \"productId\", orderItems.3.productId: Cast to ObjectId failed for value \"2\" at path \"productId\""}
{"level":"info","message":"DB connected"}
{"level":"info","message":"server running in development on port 5000"}
{"level":"info","message":"DB connected"}
{"level":"info","message":"server running in development on port 5000"}
{"level":"info","message":"DB connected"}
{"level":"info","message":"server running in development on port 5000"}
{"level":"info","message":"DB connected"}
{"level":"info","message":"server running in development on port 5000"}
{"level":"info","message":"DB connected"}
{"level":"info","message":"server running in development on port 5000"}
{"level":"info","message":"DB connected"}
{"level":"info","message":"server running in development on port 5000"}
{"level":"error","message":"Not Found-/api/users/products"}
{"level":"error","message":"Products validation failed: user: Path `user` is required., name: Path `name` is required., image: Path `image` is required., description: Path `description` is required., brand: Path `brand` is required., category: Path `category` is required."}
{"level":"info","message":"DB connected"}
{"level":"info","message":"server running in development on port 5000"}
{"level":"info","message":"DB connected"}
{"level":"info","message":"server running in development on port 5000"}
{"level":"error","message":"jwt expired"}
{"level":"error","message":"Products validation failed: name: Path `name` is required., image: Path `image` is required., description: Path `description` is required., brand: Path `brand` is required., category: Path `category` is required."}
{"level":"info","message":"DB connected"}
{"level":"info","message":"server running in development on port 5000"}
{"level":"info","message":"DB connected"}
{"level":"info","message":"server running in development on port 5000"}
{"level":"info","message":"DB connected"}
{"level":"info","message":"server running in development on port 5000"}
{"level":"error","message":"Order validation failed: orderItems.0.productId: Cast to ObjectId failed for value \"5\" at path \"productId\", orderItems.1.productId: Cast to ObjectId failed for value \"3\" at path \"productId\", orderItems.2.productId: Cast to ObjectId failed for value \"1\" at path \"productId\", orderItems.3.productId: Cast to ObjectId failed for value \"2\" at path \"productId\""}
{"level":"info","message":"DB connected"}
{"level":"info","message":"server running in development on port 5000"}
{"level":"info","message":"DB connected"}
{"level":"info","message":"server running in development on port 5000"}
{"level":"info","message":"DB connected"}
{"level":"info","message":"server running in development on port 5000"}
{"level":"info","message":"DB connected"}
{"level":"info","message":"server running in development on port 5000"}
{"level":"info","message":"DB connected"}
{"level":"info","message":"server running in development on port 5000"}
{"level":"info","message":"DB connected"}
{"level":"info","message":"server running in development on port 5000"}
{"level":"info","message":"DB connected"}
{"level":"info","message":"server running in development on port 5000"}
{"level":"info","message":"DB connected"}
{"level":"info","message":"server running in development on port 5000"}
{"level":"info","message":"DB connected"}
{"level":"info","message":"server running in development on port 5000"}
{"level":"info","message":"DB connected"}
{"level":"info","message":"server running in development on port 5000"}
{"level":"info","message":"DB connected"}
{"level":"info","message":"server running in development on port 5000"}
{"level":"info","message":"DB connected"}
{"level":"info","message":"server running in development on port 5000"}
{"level":"info","message":"DB connected"}
{"level":"info","message":"server running in development on port 5000"}
{"level":"info","message":"DB connected"}
{"level":"info","message":"server running in development on port 5000"}
{"level":"info","message":"DB connected"}
{"level":"info","message":"server running in development on port 5000"}
{"level":"error","message":"jwt expired"}
